nohup: ignoring input

> airbnb-api@1.0.0 dev /home/francois/Documents/Leanr/klab/airbnb/backend
> nodemon --exec tsx src/app.ts

[33m[nodemon] 3.1.14[39m
[33m[nodemon] to restart at any time, enter `rs`[39m
[33m[nodemon] watching path(s): *.*[39m
[33m[nodemon] watching extensions: ts,json[39m
[32m[nodemon] starting `tsx src/app.ts`[39m
node:events:486
      throw er; // Unhandled 'error' event
      ^

Error: EBADF: bad file descriptor, read
Emitted 'error' event on ReadStream instance at:
    at emitErrorNT (node:internal/streams/destroy:170:8)
    at errorOrDestroy (node:internal/streams/destroy:239:7)
    at node:internal/fs/streams:276:9
    at FSReqCallback.wrapper [as oncomplete] (node:fs:669:5) {
  errno: -9,
  code: 'EBADF',
  syscall: 'read'
}

Node.js v24.14.0
 ELIFECYCLE  Command failed with exit code 1.
